Flow report for lab3
Thu Sep 17 19:22:42 2020
Quartus II 64-Bit Version 15.0.2 Build 153 07/15/2015 SJ Full Version


---------------------
; Table of Contents ;
---------------------
  1. Legal Notice
  2. Flow Summary
  3. Flow Settings
  4. Flow Non-Default Global Settings
  5. Flow Elapsed Time
  6. Flow OS Summary
  7. Flow Log
  8. Flow Messages
  9. Flow Suppressed Messages



----------------
; Legal Notice ;
----------------
Copyright (C) 1991-2015 Altera Corporation. All rights reserved.
Your use of Altera Corporation's design tools, logic functions 
and other software and tools, and its AMPP partner logic 
functions, and any output files from any of the foregoing 
(including device programming or simulation files), and any 
associated documentation or information are expressly subject 
to the terms and conditions of the Altera Program License 
Subscription Agreement, the Altera Quartus II License Agreement,
the Altera MegaCore Function License Agreement, or other 
applicable license agreement, including, without limitation, 
that your use is for the sole purpose of programming logic 
devices manufactured by Altera and sold by Altera or its 
authorized distributors.  Please refer to the applicable 
agreement for further details.



+-------------------------------------------------------------------------------+
; Flow Summary                                                                  ;
+---------------------------------+---------------------------------------------+
; Flow Status                     ; Successful - Thu Sep 17 19:22:42 2020       ;
; Quartus II 64-Bit Version       ; 15.0.2 Build 153 07/15/2015 SJ Full Version ;
; Revision Name                   ; lab3                                        ;
; Top-level Entity Name           ; lab3                                        ;
; Family                          ; Cyclone V                                   ;
; Device                          ; 5CGXFC7C7F23C8                              ;
; Timing Models                   ; Final                                       ;
; Logic utilization (in ALMs)     ; 2 / 56,480 ( < 1 % )                        ;
; Total registers                 ; 0                                           ;
; Total pins                      ; 5 / 268 ( 2 % )                             ;
; Total virtual pins              ; 0                                           ;
; Total block memory bits         ; 0 / 7,024,640 ( 0 % )                       ;
; Total DSP Blocks                ; 0 / 156 ( 0 % )                             ;
; Total HSSI RX PCSs              ; 0 / 6 ( 0 % )                               ;
; Total HSSI PMA RX Deserializers ; 0 / 6 ( 0 % )                               ;
; Total HSSI TX PCSs              ; 0 / 6 ( 0 % )                               ;
; Total HSSI PMA TX Serializers   ; 0 / 6 ( 0 % )                               ;
; Total PLLs                      ; 0 / 13 ( 0 % )                              ;
; Total DLLs                      ; 0 / 4 ( 0 % )                               ;
+---------------------------------+---------------------------------------------+


+-----------------------------------------+
; Flow Settings                           ;
+-------------------+---------------------+
; Option            ; Setting             ;
+-------------------+---------------------+
; Start date & time ; 09/17/2020 19:18:20 ;
; Main task         ; Compilation         ;
; Revision Name     ; lab3                ;
+-------------------+---------------------+


+-------------------------------------------------------------------------------------------------------------------+
; Flow Non-Default Global Settings                                                                                  ;
+-------------------------------------+------------------------------+---------------+-------------+----------------+
; Assignment Name                     ; Value                        ; Default Value ; Entity Name ; Section Id     ;
+-------------------------------------+------------------------------+---------------+-------------+----------------+
; COMPILER_SIGNATURE_ID               ; 345049478154.160038830013380 ; --            ; --          ; --             ;
; EDA_OUTPUT_DATA_FORMAT              ; Vhdl                         ; --            ; --          ; eda_simulation ;
; EDA_SIMULATION_TOOL                 ; ModelSim-Altera (VHDL)       ; <None>        ; --          ; --             ;
; MAX_CORE_JUNCTION_TEMP              ; 85                           ; --            ; --          ; --             ;
; MIN_CORE_JUNCTION_TEMP              ; 0                            ; --            ; --          ; --             ;
; PARTITION_COLOR                     ; 16764057                     ; --            ; --          ; Top            ;
; PARTITION_FITTER_PRESERVATION_LEVEL ; PLACEMENT_AND_ROUTING        ; --            ; --          ; Top            ;
; PARTITION_NETLIST_TYPE              ; SOURCE                       ; --            ; --          ; Top            ;
; PROJECT_OUTPUT_DIRECTORY            ; output_files                 ; --            ; --          ; --             ;
+-------------------------------------+------------------------------+---------------+-------------+----------------+


+-------------------------------------------------------------------------------------------------------------------------------+
; Flow Elapsed Time                                                                                                             ;
+---------------------------+--------------+-------------------------+---------------------+------------------------------------+
; Module Name               ; Elapsed Time ; Average Processors Used ; Peak Virtual Memory ; Total CPU Time (on all processors) ;
+---------------------------+--------------+-------------------------+---------------------+------------------------------------+
; Analysis & Synthesis      ; 00:00:16     ; 1.0                     ; 1189 MB             ; 00:00:24                           ;
; Fitter                    ; 00:00:52     ; 3.0                     ; 2467 MB             ; 00:01:26                           ;
; Assembler                 ; 00:00:13     ; 1.0                     ; 1071 MB             ; 00:00:12                           ;
; TimeQuest Timing Analyzer ; 00:00:08     ; 1.0                     ; 1510 MB             ; 00:00:07                           ;
; EDA Netlist Writer        ; 00:00:02     ; 1.0                     ; 1263 MB             ; 00:00:01                           ;
; EDA Netlist Writer        ; 00:00:01     ; 1.0                     ; 1252 MB             ; 00:00:01                           ;
; EDA Netlist Writer        ; 00:00:02     ; 1.0                     ; 1256 MB             ; 00:00:01                           ;
; Total                     ; 00:01:34     ; --                      ; --                  ; 00:02:12                           ;
+---------------------------+--------------+-------------------------+---------------------+------------------------------------+


+------------------------------------------------------------------------------------------------------+
; Flow OS Summary                                                                                      ;
+---------------------------+---------------------------+--------------+--------------+----------------+
; Module Name               ; Machine Hostname          ; OS Name      ; OS Version   ; Processor type ;
+---------------------------+---------------------------+--------------+--------------+----------------+
; Analysis & Synthesis      ; linux-31.ews.illinois.edu ; CentOS Linux ; CentOS Linux ; x86_64         ;
; Fitter                    ; linux-31.ews.illinois.edu ; CentOS Linux ; CentOS Linux ; x86_64         ;
; Assembler                 ; linux-31.ews.illinois.edu ; CentOS Linux ; CentOS Linux ; x86_64         ;
; TimeQuest Timing Analyzer ; linux-31.ews.illinois.edu ; CentOS Linux ; CentOS Linux ; x86_64         ;
; EDA Netlist Writer        ; linux-31.ews.illinois.edu ; CentOS Linux ; CentOS Linux ; x86_64         ;
; EDA Netlist Writer        ; linux-31.ews.illinois.edu ; CentOS Linux ; CentOS Linux ; x86_64         ;
; EDA Netlist Writer        ; linux-31.ews.illinois.edu ; CentOS Linux ; CentOS Linux ; x86_64         ;
+---------------------------+---------------------------+--------------+--------------+----------------+


------------
; Flow Log ;
------------
quartus_map --read_settings_files=on --write_settings_files=off lab3 -c lab3
quartus_fit --read_settings_files=off --write_settings_files=off lab3 -c lab3
quartus_asm --read_settings_files=off --write_settings_files=off lab3 -c lab3
quartus_sta lab3 -c lab3
quartus_eda --read_settings_files=off --write_settings_files=off lab3 -c lab3
quartus_eda --gen_testbench --check_outputs=on --tool=modelsim_oem --format=verilog --write_settings_files=off lab3 -c lab3 --vector_source=/home/jeremyl6/ece120/lab3/Waveform.vwf --testbench_file=/home/jeremyl6/ece120/lab3/simulation/qsim/Waveform.vwf.vt
quartus_eda --write_settings_files=off --functional=on --flatten_buses=off --simulation=on --tool=modelsim_oem --format=verilog --output_directory=/home/jeremyl6/ece120/lab3/simulation/qsim/ lab3 -c lab3



