Flow report for lab5NAND_NAND
Thu Oct 15 21:34:40 2020
Quartus II 64-Bit Version 15.0.2 Build 153 07/15/2015 SJ Full Version


---------------------
; Table of Contents ;
---------------------
  1. Legal Notice
  2. Flow Summary
  3. Flow Settings
  4. Flow Non-Default Global Settings
  5. Flow Elapsed Time
  6. Flow OS Summary
  7. Flow Log
  8. Flow Messages
  9. Flow Suppressed Messages



----------------
; Legal Notice ;
----------------
Copyright (C) 1991-2015 Altera Corporation. All rights reserved.
Your use of Altera Corporation's design tools, logic functions 
and other software and tools, and its AMPP partner logic 
functions, and any output files from any of the foregoing 
(including device programming or simulation files), and any 
associated documentation or information are expressly subject 
to the terms and conditions of the Altera Program License 
Subscription Agreement, the Altera Quartus II License Agreement,
the Altera MegaCore Function License Agreement, or other 
applicable license agreement, including, without limitation, 
that your use is for the sole purpose of programming logic 
devices manufactured by Altera and sold by Altera or its 
authorized distributors.  Please refer to the applicable 
agreement for further details.



+-------------------------------------------------------------------------------+
; Flow Summary                                                                  ;
+---------------------------------+---------------------------------------------+
; Flow Status                     ; Successful - Thu Oct 15 21:34:40 2020       ;
; Quartus II 64-Bit Version       ; 15.0.2 Build 153 07/15/2015 SJ Full Version ;
; Revision Name                   ; lab5NAND_NAND                               ;
; Top-level Entity Name           ; lab5NAND_NAND                               ;
; Family                          ; Cyclone V                                   ;
; Device                          ; 5CGXFC7C7F23C8                              ;
; Timing Models                   ; Final                                       ;
; Logic utilization (in ALMs)     ; 7 / 56,480 ( < 1 % )                        ;
; Total registers                 ; 3                                           ;
; Total pins                      ; 9 / 268 ( 3 % )                             ;
; Total virtual pins              ; 0                                           ;
; Total block memory bits         ; 0 / 7,024,640 ( 0 % )                       ;
; Total DSP Blocks                ; 0 / 156 ( 0 % )                             ;
; Total HSSI RX PCSs              ; 0 / 6 ( 0 % )                               ;
; Total HSSI PMA RX Deserializers ; 0 / 6 ( 0 % )                               ;
; Total HSSI TX PCSs              ; 0 / 6 ( 0 % )                               ;
; Total HSSI PMA TX Serializers   ; 0 / 6 ( 0 % )                               ;
; Total PLLs                      ; 0 / 13 ( 0 % )                              ;
; Total DLLs                      ; 0 / 4 ( 0 % )                               ;
+---------------------------------+---------------------------------------------+


+-----------------------------------------+
; Flow Settings                           ;
+-------------------+---------------------+
; Option            ; Setting             ;
+-------------------+---------------------+
; Start date & time ; 10/15/2020 19:28:24 ;
; Main task         ; Compilation         ;
; Revision Name     ; lab5NAND_NAND       ;
+-------------------+---------------------+


+-------------------------------------------------------------------------------------------------------------------+
; Flow Non-Default Global Settings                                                                                  ;
+-------------------------------------+------------------------------+---------------+-------------+----------------+
; Assignment Name                     ; Value                        ; Default Value ; Entity Name ; Section Id     ;
+-------------------------------------+------------------------------+---------------+-------------+----------------+
; COMPILER_SIGNATURE_ID               ; 345052701370.160280810430571 ; --            ; --          ; --             ;
; EDA_OUTPUT_DATA_FORMAT              ; Vhdl                         ; --            ; --          ; eda_simulation ;
; EDA_SIMULATION_TOOL                 ; ModelSim-Altera (VHDL)       ; <None>        ; --          ; --             ;
; MAX_CORE_JUNCTION_TEMP              ; 85                           ; --            ; --          ; --             ;
; MIN_CORE_JUNCTION_TEMP              ; 0                            ; --            ; --          ; --             ;
; PARTITION_COLOR                     ; 16764057                     ; --            ; --          ; Top            ;
; PARTITION_FITTER_PRESERVATION_LEVEL ; PLACEMENT_AND_ROUTING        ; --            ; --          ; Top            ;
; PARTITION_NETLIST_TYPE              ; SOURCE                       ; --            ; --          ; Top            ;
; PROJECT_OUTPUT_DIRECTORY            ; output_files                 ; --            ; --          ; --             ;
+-------------------------------------+------------------------------+---------------+-------------+----------------+


+-------------------------------------------------------------------------------------------------------------------------------+
; Flow Elapsed Time                                                                                                             ;
+---------------------------+--------------+-------------------------+---------------------+------------------------------------+
; Module Name               ; Elapsed Time ; Average Processors Used ; Peak Virtual Memory ; Total CPU Time (on all processors) ;
+---------------------------+--------------+-------------------------+---------------------+------------------------------------+
; Analysis & Synthesis      ; 00:00:16     ; 1.0                     ; 1241 MB             ; 00:00:27                           ;
; Fitter                    ; 00:00:57     ; 4.0                     ; 2408 MB             ; 00:01:32                           ;
; Assembler                 ; 00:00:12     ; 1.0                     ; 1072 MB             ; 00:00:12                           ;
; TimeQuest Timing Analyzer ; 00:00:08     ; 1.0                     ; 1473 MB             ; 00:00:07                           ;
; EDA Netlist Writer        ; 00:00:01     ; 1.0                     ; 1266 MB             ; 00:00:01                           ;
; EDA Netlist Writer        ; 00:00:01     ; 1.0                     ; 1250 MB             ; 00:00:01                           ;
; EDA Netlist Writer        ; 00:00:02     ; 1.0                     ; 1254 MB             ; 00:00:01                           ;
; EDA Netlist Writer        ; 00:00:01     ; 1.0                     ; 1250 MB             ; 00:00:01                           ;
; EDA Netlist Writer        ; 00:00:02     ; 1.0                     ; 1254 MB             ; 00:00:01                           ;
; EDA Netlist Writer        ; 00:00:02     ; 1.0                     ; 1250 MB             ; 00:00:01                           ;
; EDA Netlist Writer        ; 00:00:01     ; 1.0                     ; 1256 MB             ; 00:00:01                           ;
; Total                     ; 00:01:43     ; --                      ; --                  ; 00:02:25                           ;
+---------------------------+--------------+-------------------------+---------------------+------------------------------------+


+------------------------------------------------------------------------------------------------------+
; Flow OS Summary                                                                                      ;
+---------------------------+---------------------------+--------------+--------------+----------------+
; Module Name               ; Machine Hostname          ; OS Name      ; OS Version   ; Processor type ;
+---------------------------+---------------------------+--------------+--------------+----------------+
; Analysis & Synthesis      ; linux-07.ews.illinois.edu ; CentOS Linux ; CentOS Linux ; x86_64         ;
; Fitter                    ; linux-07.ews.illinois.edu ; CentOS Linux ; CentOS Linux ; x86_64         ;
; Assembler                 ; linux-07.ews.illinois.edu ; CentOS Linux ; CentOS Linux ; x86_64         ;
; TimeQuest Timing Analyzer ; linux-07.ews.illinois.edu ; CentOS Linux ; CentOS Linux ; x86_64         ;
; EDA Netlist Writer        ; linux-07.ews.illinois.edu ; CentOS Linux ; CentOS Linux ; x86_64         ;
; EDA Netlist Writer        ; linux-07.ews.illinois.edu ; CentOS Linux ; CentOS Linux ; x86_64         ;
; EDA Netlist Writer        ; linux-07.ews.illinois.edu ; CentOS Linux ; CentOS Linux ; x86_64         ;
; EDA Netlist Writer        ; linux-02.ews.illinois.edu ; CentOS Linux ; CentOS Linux ; x86_64         ;
; EDA Netlist Writer        ; linux-02.ews.illinois.edu ; CentOS Linux ; CentOS Linux ; x86_64         ;
; EDA Netlist Writer        ; linux-40.ews.illinois.edu ; CentOS Linux ; CentOS Linux ; x86_64         ;
; EDA Netlist Writer        ; linux-40.ews.illinois.edu ; CentOS Linux ; CentOS Linux ; x86_64         ;
+---------------------------+---------------------------+--------------+--------------+----------------+


------------
; Flow Log ;
------------
quartus_map --read_settings_files=on --write_settings_files=off lab5NAND_NAND -c lab5NAND_NAND
quartus_fit --read_settings_files=off --write_settings_files=off lab5NAND_NAND -c lab5NAND_NAND
quartus_asm --read_settings_files=off --write_settings_files=off lab5NAND_NAND -c lab5NAND_NAND
quartus_sta lab5NAND_NAND -c lab5NAND_NAND
quartus_eda --read_settings_files=off --write_settings_files=off lab5NAND_NAND -c lab5NAND_NAND
quartus_eda --gen_testbench --check_outputs=on --tool=modelsim_oem --format=verilog --write_settings_files=off lab5NAND_NAND -c lab5NAND_NAND --vector_source=/home/jeremyl6/ece120/lab5/lab5NAND_NAND/DFF.wvf.vwf --testbench_file=/home/jeremyl6/ece120/lab5/lab5NAND_NAND/simulation/qsim/DFF.wvf.vwf.vt
quartus_eda --write_settings_files=off --functional=on --flatten_buses=off --simulation=on --tool=modelsim_oem --format=verilog --output_directory=/home/jeremyl6/ece120/lab5/lab5NAND_NAND/simulation/qsim/ lab5NAND_NAND -c lab5NAND_NAND
quartus_eda --gen_testbench --check_outputs=on --tool=modelsim_oem --format=verilog --write_settings_files=off lab5NAND_NAND -c lab5NAND_NAND --vector_source=/home/jeremyl6/ece120/lab5/lab5NAND_NAND/DFF.wvf.vwf --testbench_file=/home/jeremyl6/ece120/lab5/lab5NAND_NAND/simulation/qsim/DFF.wvf.vwf.vt
quartus_eda --write_settings_files=off --functional=on --flatten_buses=off --simulation=on --tool=modelsim_oem --format=verilog --output_directory=/home/jeremyl6/ece120/lab5/lab5NAND_NAND/simulation/qsim/ lab5NAND_NAND -c lab5NAND_NAND
quartus_eda --gen_testbench --check_outputs=on --tool=modelsim_oem --format=verilog --write_settings_files=off lab5NAND_NAND -c lab5NAND_NAND --vector_source=/home/jeremyl6/ece120/lab5/lab5NAND_NAND/DFF.wvf.vwf --testbench_file=/home/jeremyl6/ece120/lab5/lab5NAND_NAND/simulation/qsim/DFF.wvf.vwf.vt
quartus_eda --write_settings_files=off --functional=on --flatten_buses=off --simulation=on --tool=modelsim_oem --format=verilog --output_directory=/home/jeremyl6/ece120/lab5/lab5NAND_NAND/simulation/qsim/ lab5NAND_NAND -c lab5NAND_NAND



